level=info msg="V-Guard instance starts now"
level=info msg="dial conn of Phase 0 has established | remote addr: 127.0.0.1:10000"
level=info msg="dial conn of Phase 0 has registered | dialogMgr.conns[phaseNumber: 0][coordinatorId: 0]: localconn: 127.0.0.1:11100, remoteconn: 127.0.0.1:10000"
level=info msg="dial conn of Phase 1 has established | remote addr: 127.0.0.1:10001"
level=info msg="dial conn of Phase 1 has registered | dialogMgr.conns[phaseNumber: 1][coordinatorId: 0]: localconn: 127.0.0.1:11200, remoteconn: 127.0.0.1:10001"
level=info msg="dial conn of Phase 2 has established | remote addr: 127.0.0.1:10002"
level=info msg="dial conn of Phase 2 has registered | dialogMgr.conns[phaseNumber: 2][coordinatorId: 0]: localconn: 127.0.0.1:11300, remoteconn: 127.0.0.1:10002"
level=info msg="dial conn of Phase 3 has established | remote addr: 127.0.0.1:10003"
level=info msg="dial conn of Phase 3 has registered | dialogMgr.conns[phaseNumber: 3][coordinatorId: 0]: localconn: 127.0.0.1:11007, remoteconn: 127.0.0.1:10003"
level=info msg="R-CPA | cmtSnapshot.h[1216] not found in cache|"
level=info msg="R-CPA | cmtSnapshot.h[1217] not found in cache|"
level=info msg="R-CPA | cmtSnapshot.h[1211] not found in cache|"
level=info msg="R-CPA | cmtSnapshot.h[1210] not found in cache|"
level=info msg="R-CPA | cmtSnapshot.h[1212] not found in cache|"
level=info msg="VGTX 1 in Cmt Booth: [1 4 5 0] | total # of tx: 0"
level=info msg="ordering booth: 1230 | len(ordBoo[1230]): 73"
level=info msg="ts: 1714629372176308; tx: 6e726e44423446773250644331546e376f5667506a546444447664497577714b"
level=info msg="ts: 1714629372176308; tx: 36504a3432316433794e474e576a49415831373649776d35434a796634656966"
level=info msg="ts: 1714629372176441; tx: 6b773256496674306c444c347841657464696c48593964563671796d6b4f3169"
level=info msg="ts: 1714629372176308; tx: 3859777442705679535a654c356347354c5567324c59346a67454330376d4d4c"
level=info msg="ts: 1714629372176309; tx: 4a6637385569705859494f7841437663707951313544346f7979683877393431"
level=info msg="ts: 1714629372176312; tx: 4f7944566b726a4831386a45343355307833326739504759784e444978567a6e"
level=info msg="ts: 1714629372176302; tx: 66796f6b59775947535733594639734d503962644f667268494b796e4c453038"
level=info msg="ts: 1714629372176312; tx: 4b6569486f51754f6876347a48566a5138673971314c36364463415177445a37"
level=info msg="ts: 1714629372176310; tx: 5243306e594446465a4f6d4749574c57416b654d72486668636b5a5149496851"
level=info msg="ts: 1714629372176313; tx: 324561323768554b76747654565436436b796443613251786354493667746155"
level=info msg="ts: 1714629372176308; tx: 3053426459325a63393659706470314f5867305941654b4b684b426f584c7861"
level=info msg="ts: 1714629372176400; tx: 4a324863774761366245724a4370537a6b3259435442684f46446147417a686b"
level=info msg="ts: 1714629372176311; tx: 5152686e65634368697772734943576261614c635349665267506243376a516a"
level=info msg="ts: 1714629372176309; tx: 4733396d376b466c796a7663724950344a65655155423453413972686d365049"
level=info msg="ts: 1714629372176314; tx: 4f49354531554143744d74574d4648436257556e33714b347366427969774775"
level=info msg="ts: 1714629372176311; tx: 5a5a504765524453517947676e44794e5a58474a543463363565447350674942"
level=info msg="ts: 1714629372176310; tx: 7061414a6a6b676c354232444441685044734f676831596f6842307436533858"
level=info msg="ts: 1714629372176310; tx: 6b34794454376a714f786a57744a656c62714267657348556673715332345749"
level=info msg="ts: 1714629372176313; tx: 504179555676594b56324f5931796934335a6a62373430336d626752576a534a"
level=info msg="ts: 1714629372176311; tx: 48376a366f4836644c336246457136395a5572454d55374f3159384b47377a69"
level=info msg="ts: 1714629372176315; tx: 543365527867795343677a5a6751466576566a38596e52743367755273425550"
level=info msg="ts: 1714629372176309; tx: 3464636d78453679486f4d62413274344a6e4239734c464937673266444d4657"
level=info msg="ts: 1714629372176306; tx: 3136734467687a316d6b447a6e6b39566b636f444d556a355169733551725269"
level=info msg="ts: 1714629372176399; tx: 6a767737356c4471477035743158637431726d644a366f456d42487757775279"
level=info msg="ts: 1714629372176306; tx: 49514865434b3632574137376a42496e644130395a754556317469625a356241"
level=info msg="ts: 1714629372176315; tx: 6b6a457474727831375a304930373353485565696d4e646d4862615a56453476"
level=info msg="ts: 1714629372176316; tx: 6d445249583168695843517a594a5730413661466d5a777271736b5855394d77"
level=info msg="ts: 1714629372176317; tx: 3072347468376b4a4d724b76494348444e454454574f496952637a4c62675944"
level=info msg="ts: 1714629372176307; tx: 4147796b734f7246636159774b6947716a776a526d54697878526e4245714c38"
level=info msg="ts: 1714629372176067; tx: 633964774e476d7872474a30383549386d596d45716a493676704a674d714333"
level=info msg="ts: 1714629372176314; tx: 426b68355743735656384e7a746c63696b53726648664170637558675046444e"
level=info msg="ts: 1714629372176316; tx: 764a30567a686a75536b4732446c44633868763279326b306f587734344b3172"
level=info msg="ts: 1714629372176317; tx: 3253475a505769465154484867356552336f357767716d5a3674477071775551"
level=info msg="ts: 1714629372176068; tx: 54423674785a7a4e4c6469427652374b765747436d4d72374746753865464433"
level=info msg="ts: 1714629372176318; tx: 554f73745a46736a4841414849336c3141314770346737495454555862375a32"
level=info msg="ts: 1714629372176069; tx: 7071646867303056586f497859573276683664566f7969584f4458374f386c41"
level=info msg="ts: 1714629372176069; tx: 366e33677359414148487451424368306a6a576c33486969356f7a545a30614b"
level=info msg="ts: 1714629372176069; tx: 34746a6a6156347669623949566739526d6e4d31385356684b51484d5235356b"
level=info msg="ts: 1714629372175946; tx: 3030795532536e41504a756b524a6b4852496846304d38626b78385336337970"
level=info msg="ts: 1714629372176069; tx: 4b687133707063464652646c51594a436d46436f6a41674b554c4c7771447035"
level=info msg="ts: 1714629372176084; tx: 4937395a6f4b5548623252794b70314744716447716e45387366726c38547734"
level=info msg="ts: 1714629372175946; tx: 6a70665350426731326563646e62487344567a6451724f42303539796537517a"
level=info msg="ts: 1714629372176070; tx: 55436c54577974627735366a6d514953704a59474669547848474b6b47426c58"
level=info msg="ts: 1714629372175947; tx: 4b78707961584137557a4632677937734a724c333734783564626a386738425a"
level=info msg="ts: 1714629372175954; tx: 59784e795646345667465349665266424c755767484834494d6a774146736670"
level=info msg="ts: 1714629372176071; tx: 45676e596b797546314e68496a66424e58736146596e51705042346936414d53"
level=info msg="ts: 1714629372176071; tx: 6c4b4931416731496d733968583335384c4a5a5434454b4a7a34594149565349"
level=info msg="ts: 1714629372176064; tx: 337152686e5966707336776f594136735547704b436d6b3053356348566c6453"
level=info msg="ts: 1714629372176071; tx: 6b61646d356c595950387663444a576b643463436c66394372417955544b6574"
level=info msg="ts: 1714629372176071; tx: 6b61596a7054586437676d5578504762324b746b6c49717364684d65426a7243"
level=info msg="ts: 1714629372176065; tx: 695970774a74696d46434c524b66677371776a4a4861683536486b594b517473"
level=info msg="ts: 1714629372176072; tx: 767531455259714747386a59424433663255633645317a6f697a55596e567534"
level=info msg="ts: 1714629372176065; tx: 5554676c4e5652644c3967376d4f596471544c4a4a4530323162303161486536"
level=info msg="ts: 1714629372176073; tx: 49624765587a3573416b4b61544a34424e4847685755747a6775766742615444"
level=info msg="ts: 1714629372176073; tx: 4a6b5a6a3874566650466d31625157676d524b433552734f55795552584a3631"
level=info msg="ts: 1714629372176066; tx: 51313567696a38415332743172463730384e395949655a6e643033314463694e"
level=info msg="ts: 1714629372176066; tx: 6e7533527a64307337596b377750325261725163626449454152384d6635786b"
level=info msg="ts: 1714629372176401; tx: 335433576b6f6767634b6b417175424a3563456d3032326c6d51714338313356"
level=info msg="ts: 1714629372176074; tx: 4132376d3662354677314445796c49544d767a54445a63763862424b42594e45"
level=info msg="ts: 1714629372176075; tx: 4a616e78704a544c457a3055434f694165514362574550744871636f70314a54"
level=info msg="ts: 1714629372176314; tx: 6279636e51574877794c4f41715759727657767035674733416d344b4e586451"
level=info msg="ts: 1714629372176312; tx: 65736478734336476177777347346b716c75766c596f445a4459717473396b45"
level=info msg="ts: 1714629372176075; tx: 7235517a39627364464d467a3074437a7979656630594a3461723656554d3158"
level=info msg="ts: 1714629372176315; tx: 344164704b3363626437503142504f367961627a6a556d705639417962644654"
level=info msg="ts: 1714629372176075; tx: 73543074563573375442646b72734c4362537348623572424a4c71374c375332"
level=info msg="ts: 1714629372176076; tx: 70733562687842486f4a7865386a52356a4d6966685951584e47477673706778"
level=info msg="ts: 1714629372175947; tx: 59585853566363594733674f465a70696931383963654d53563448355945384a"
level=info msg="ts: 1714629372176076; tx: 7042663866583972706144687448705958754379334e69795259413174617648"
level=info msg="ts: 1714629372176311; tx: 597a5456654433333658414566555a546b495756716d4454496c4a494c32634b"
level=info msg="ts: 1714629372176077; tx: 724e52683566554538766676796c4764363673634b546b315a70364e73744861"
level=info msg="ts: 1714629372175907; tx: 7646387149654a4d726b72735141675456554d506779545575436578724e7556"
level=info msg="ts: 1714629372176318; tx: 45353234484c6f7370784368694b62517a5154503933354c673945575a4d4e6a"
level=info msg="ts: 1714629372176077; tx: 384d4831684e63324d467630696b586b74664f4b334a4a50367563626b48324d"
level=info msg="VGTX 0 in Cmt Booth: [1 4 5 0] | total # of tx: 0"
level=info msg="ordering booth: 1230 | len(ordBoo[1230]): 25"
level=info msg="ts: 1714629372175903; tx: 703164484f5a4570627764686e495665486f4e76583637484b4a74454f5a5851"
level=info msg="ts: 1714629372175906; tx: 52687541546f5a7a626963727535667234353975627568596f4362364454495a"
level=info msg="ts: 1714629372175904; tx: 6f4c7766596d416e77325a6b59696236686d3137564e3039706168574c4d675a"
level=info msg="ts: 1714629372175904; tx: 72786c5770423558593953746e714152306d4a3031424647487a4f655a427071"
level=info msg="ts: 1714629372175904; tx: 72657951344c657a4f476578783631574f426259736d425065695175634b696f"
level=info msg="ts: 1714629372175905; tx: 6d76674776634970394c44724e34325a7172736a77736e4b6454557738446b70"
level=info msg="ts: 1714629372175905; tx: 4f6a78776b6362544267456346587a334f554a595039504e4e7431676f4f786b"
level=info msg="ts: 1714629372175905; tx: 315a5157427141334258506238394958535a666f7734537361646c704d323845"
level=info msg="ts: 1714629372175906; tx: 43524635534a3472574f34507a315a746e574971434d5741595a483244354f47"
level=info msg="ts: 1714629372175816; tx: 466134374e54496c3362366e6e5766574d5039536b6751357578676472733774"
level=info msg="ts: 1714629372175903; tx: 30447a52686c6a5552684d3236515854656c4879716a61395857456c6e796d30"
level=info msg="ts: 1714629372175903; tx: 3241345135526c643055384771497844394b4a414d78516c6b6c615639796373"
level=info msg="ts: 1714629372175905; tx: 36783137674e344431695545425546384a6b6331584453564f4b727957754e56"
level=info msg="ts: 1714629372175906; tx: 74586c6c6d34685051433034526f754f48717043563956385555667462557279"
level=info msg="ts: 1714629372176303; tx: 656968475a424168516c357a5765503942524f5644706a354d65774369494667"
level=info msg="ts: 1714629372176304; tx: 6262326542423977664a646e7062353165477749637263437a34374d63575a31"
level=info msg="ts: 1714629372176305; tx: 526451567a396541376f474f68743839794337597959666e4d51756d4e66527a"
level=info msg="ts: 1714629372176304; tx: 4c5749344b4c4e654b46356c4f4f4f4479727a555161445034647574364f3049"
level=info msg="ts: 1714629372176306; tx: 674c6c6565767852504f4a57773649563849773867595376756d707770754533"
level=info msg="ts: 1714629372176305; tx: 444a5378304a786d636a43534536354a536f584f355431694b39437564326e72"
level=info msg="ts: 1714629372176303; tx: 6f7964476958743675635375717a4f4363304971616c57533474517754434a53"
level=info msg="ts: 1714629372176304; tx: 31684c4f6147786b503344673478796a6f36514b724a6b734234367276307947"
level=info msg="ts: 1714629372176305; tx: 4b7a4e32586a344752627532676332564d664d384137586f396b455546633763"
level=info msg="ts: 1714629372176305; tx: 655567786a6d4350703970583154484a417a694863476c4c57546b5832375658"
level=info msg="ts: 1714629372176307; tx: 31423057536d776853566f36436d394275786d4357774647516f6b356a48524d"
level=error msg="2024-05-02 14:56:50.481220869 +0900 JST m=+58.329315299 | coordinator closed connection | err: EOF"
level=warning msg="Lost connection with the proposer (S0); quitting program"
