level=info msg="V-Guard instance starts now"
level=info msg="CPB | listener is up at 127.0.0.1:10003"
level=info msg="OPA | listener is up at 127.0.0.1:10000"
level=info msg="OPB | listener is up at 127.0.0.1:10001"
level=info msg="CPA | listener is up at 127.0.0.1:10002"
level=info msg="OPA | new server registered | Id: 1 -> Addr: 127.0.0.1:11100\n"
level=info msg="OPB | new server registered | Id: 1 -> Addr: 127.0.0.1:11200\n"
level=info msg="CPA | new server registered | Id: 1 -> Addr: 127.0.0.1:11300\n"
level=info msg="CPB | new server registered | Id: 1 -> Addr: 127.0.0.1:11007\n"
level=info msg="OPA | new server registered | Id: 2 -> Addr: 127.0.0.1:12100\n"
level=info msg="OPB | new server registered | Id: 2 -> Addr: 127.0.0.1:12200\n"
level=info msg="CPA | new server registered | Id: 2 -> Addr: 127.0.0.1:12300\n"
level=info msg="CPB | new server registered | Id: 2 -> Addr: 127.0.0.1:12007\n"
level=info msg="OPA | new server registered | Id: 3 -> Addr: 127.0.0.1:13100\n"
level=info msg="OPB | new server registered | Id: 3 -> Addr: 127.0.0.1:13200\n"
level=info msg="CPA | new server registered | Id: 3 -> Addr: 127.0.0.1:13300\n"
level=info msg="CPB | new server registered | Id: 3 -> Addr: 127.0.0.1:13007\n"
level=info msg="OPA | new server registered | Id: 4 -> Addr: 127.0.0.1:14100\n"
level=info msg="OPB | new server registered | Id: 4 -> Addr: 127.0.0.1:14200\n"
level=info msg="CPA | new server registered | Id: 4 -> Addr: 127.0.0.1:14300\n"
level=info msg="CPB | new server registered | Id: 4 -> Addr: 127.0.0.1:14007\n"
level=info msg="OPA | new server registered | Id: 5 -> Addr: 127.0.0.1:15100\n"
level=info msg="CPA | new server registered | Id: 5 -> Addr: 127.0.0.1:15300\n"
level=info msg="OPB | new server registered | Id: 5 -> Addr: 127.0.0.1:15200\n"
level=info msg="CPB | new server registered | Id: 5 -> Addr: 127.0.0.1:15007\n"
level=info msg="Network connections are now set | # of phases: 4"
level=info msg="total: 5, boothsize: 3| generated booth indices: [[0 1 2] [0 1 3] [0 1 4] [0 2 3] [0 2 4] [0 3 4] [1 2 3] [1 2 4] [1 3 4] [2 3 4]]"
level=info msg="enqueued booths: [{0 [1 2 3 0]} {1 [1 2 4 0]} {2 [1 2 5 0]} {3 [1 3 4 0]} {4 [1 3 5 0]} {5 [1 4 5 0]}]"
level=info msg="1 request queue(s) loaded with 10000 requests of size 32 bytes"
level=info msg="<METRE> ordering block 0 ordered (tx: 1) at 2024-05-02 05:56:12.304206267 +0000 UTC"
level=error msg="CombSig is nil ! len of Entries: 1"
level=info msg="<METRE> ordering block 300 ordered (tx: 300) at 2024-05-02 05:56:13.943988894 +0000 UTC"
level=info msg="<METRE> ordering block 2600 ordered (tx: 2600) at 2024-05-02 05:56:14.385883202 +0000 UTC"
level=info msg="<METRE> ordering block 100 ordered (tx: 100) at 2024-05-02 05:56:15.062064121 +0000 UTC"
level=info msg="<METRE> ordering block 5500 ordered (tx: 5500) at 2024-05-02 05:56:32.718171791 +0000 UTC"
level=info msg="<METRE> ordering block 1300 ordered (tx: 1300) at 2024-05-02 05:56:15.163543626 +0000 UTC"
level=info msg="<METRE> ordering block 1000 ordered (tx: 1000) at 2024-05-02 05:56:15.933169253 +0000 UTC"
level=info msg="<METRE> ordering block 500 ordered (tx: 500) at 2024-05-02 05:56:15.985763262 +0000 UTC"
level=info msg="<METRE> ordering block 200 ordered (tx: 200) at 2024-05-02 05:56:16.010868311 +0000 UTC"
level=info msg="<METRE> ordering block 900 ordered (tx: 900) at 2024-05-02 05:56:16.036722886 +0000 UTC"
level=info msg="<METRE> ordering block 1200 ordered (tx: 1200) at 2024-05-02 05:56:16.228020605 +0000 UTC"
level=info msg="<METRE> ordering block 600 ordered (tx: 600) at 2024-05-02 05:56:16.523808175 +0000 UTC"
level=info msg="<METRE> ordering block 2800 ordered (tx: 2800) at 2024-05-02 05:56:16.561425178 +0000 UTC"
level=info msg="<METRE> ordering block 3400 ordered (tx: 3400) at 2024-05-02 05:56:16.764550014 +0000 UTC"
level=info msg="<METRE> ordering block 700 ordered (tx: 700) at 2024-05-02 05:56:16.955918962 +0000 UTC"
level=info msg="<METRE> ordering block 800 ordered (tx: 800) at 2024-05-02 05:56:17.336662496 +0000 UTC"
level=info msg="<METRE> ordering block 3700 ordered (tx: 3700) at 2024-05-02 05:56:17.568874812 +0000 UTC"
level=info msg="<METRE> ordering block 400 ordered (tx: 400) at 2024-05-02 05:56:17.69119902 +0000 UTC"
level=info msg="<METRE> ordering block 3800 ordered (tx: 3800) at 2024-05-02 05:56:17.932736329 +0000 UTC"
level=info msg="<METRE> ordering block 3900 ordered (tx: 3900) at 2024-05-02 05:56:18.097633345 +0000 UTC"
level=info msg="<METRE> ordering block 4200 ordered (tx: 4200) at 2024-05-02 05:56:18.31990681 +0000 UTC"
level=info msg="<METRE> ordering block 3500 ordered (tx: 3500) at 2024-05-02 05:56:18.34969687 +0000 UTC"
level=info msg="<METRE> Ordering latency (average): 132.428574 | Consensus latency (average): 593.476196 | lastIdx: 103 | Smaple points: 2 | Skipped points: 19"
level=info msg="<METRE> ordering block 4500 ordered (tx: 4500) at 2024-05-02 05:56:18.67790592 +0000 UTC"
level=info msg="<METRE> ordering block 4600 ordered (tx: 4600) at 2024-05-02 05:56:18.928960331 +0000 UTC"
level=error msg="CombSig is nil ! len of Entries: 1"
level=info msg="<METRE> ordering block 9900 ordered (tx: 9900) at 2024-05-02 05:56:19.197440263 +0000 UTC"
level=info msg="<METRE> Ordering latency (average): 1904.954590 | Consensus latency (average): 3426.454590 | lastIdx: 2045 | Smaple points: 11 | Skipped points: 11"
level=info msg="<METRE> ordering block 1100 ordered (tx: 1100) at 2024-05-02 05:56:19.40513027 +0000 UTC"
level=info msg="<METRE> ordering block 7000 ordered (tx: 7000) at 2024-05-02 05:56:19.81061763 +0000 UTC"
level=info msg="<METRE> ordering block 5100 ordered (tx: 5100) at 2024-05-02 05:56:19.920774989 +0000 UTC"
level=info msg="<METRE> ordering block 5200 ordered (tx: 5200) at 2024-05-02 05:56:20.179744692 +0000 UTC"
level=info msg="<METRE> ordering block 3300 ordered (tx: 3300) at 2024-05-02 05:56:20.317633979 +0000 UTC"
level=info msg="<METRE> ordering block 7700 ordered (tx: 7700) at 2024-05-02 05:56:20.792687462 +0000 UTC"
level=info msg="<METRE> ordering block 7800 ordered (tx: 7800) at 2024-05-02 05:56:20.874657489 +0000 UTC"
level=info msg="<METRE> ordering block 4000 ordered (tx: 4000) at 2024-05-02 05:56:21.051091085 +0000 UTC"
level=info msg="<METRE> ordering block 4100 ordered (tx: 4100) at 2024-05-02 05:56:21.251141219 +0000 UTC"
level=info msg="<METRE> ordering block 7900 ordered (tx: 7900) at 2024-05-02 05:56:21.314789577 +0000 UTC"
level=info msg="<METRE> ordering block 4400 ordered (tx: 4400) at 2024-05-02 05:56:21.514375017 +0000 UTC"
level=info msg="<METRE> ordering block 4700 ordered (tx: 4700) at 2024-05-02 05:56:21.680361872 +0000 UTC"
level=info msg="<METRE> ordering block 4800 ordered (tx: 4800) at 2024-05-02 05:56:21.800492989 +0000 UTC"
level=info msg="<METRE> ordering block 4900 ordered (tx: 4900) at 2024-05-02 05:56:22.129898013 +0000 UTC"
level=info msg="<METRE> ordering block 5000 ordered (tx: 5000) at 2024-05-02 05:56:22.294741545 +0000 UTC"
level=info msg="<METRE> ordering block 5400 ordered (tx: 5400) at 2024-05-02 05:56:22.368159888 +0000 UTC"
level=info msg="<METRE> ordering block 1400 ordered (tx: 1400) at 2024-05-02 05:56:22.558117092 +0000 UTC"
level=info msg="<METRE> ordering block 1600 ordered (tx: 1600) at 2024-05-02 05:56:22.64184984 +0000 UTC"
level=info msg="<METRE> ordering block 1700 ordered (tx: 1700) at 2024-05-02 05:56:22.949826253 +0000 UTC"
level=info msg="<METRE> ordering block 1800 ordered (tx: 1800) at 2024-05-02 05:56:23.361362297 +0000 UTC"
level=info msg="<METRE> ordering block 1900 ordered (tx: 1900) at 2024-05-02 05:56:23.518240011 +0000 UTC"
level=info msg="<METRE> ordering block 2100 ordered (tx: 2100) at 2024-05-02 05:56:23.604509997 +0000 UTC"
level=info msg="<METRE> ordering block 2000 ordered (tx: 2000) at 2024-05-02 05:56:23.607604069 +0000 UTC"
level=info msg="<METRE> ordering block 2200 ordered (tx: 2200) at 2024-05-02 05:56:23.962362568 +0000 UTC"
level=info msg="<METRE> ordering block 2300 ordered (tx: 2300) at 2024-05-02 05:56:24.216615144 +0000 UTC"
level=info msg="<METRE> ordering block 2400 ordered (tx: 2400) at 2024-05-02 05:56:24.365813455 +0000 UTC"
level=info msg="<METRE> ordering block 2500 ordered (tx: 2500) at 2024-05-02 05:56:24.471317419 +0000 UTC"
level=info msg="<METRE> ordering block 2700 ordered (tx: 2700) at 2024-05-02 05:56:24.684757951 +0000 UTC"
level=info msg="<METRE> ordering block 2900 ordered (tx: 2900) at 2024-05-02 05:56:24.929340846 +0000 UTC"
level=info msg="<METRE> ordering block 3200 ordered (tx: 3200) at 2024-05-02 05:56:25.548388743 +0000 UTC"
level=info msg="<METRE> ordering block 3100 ordered (tx: 3100) at 2024-05-02 05:56:25.562821995 +0000 UTC"
level=info msg="<METRE> ordering block 6500 ordered (tx: 6500) at 2024-05-02 05:56:25.711527745 +0000 UTC"
level=info msg="<METRE> ordering block 5300 ordered (tx: 5300) at 2024-05-02 05:56:25.769176862 +0000 UTC"
level=info msg="<METRE> ordering block 9800 ordered (tx: 9800) at 2024-05-02 05:56:25.878060728 +0000 UTC"
level=info msg="<METRE> ordering block 1500 ordered (tx: 1500) at 2024-05-02 05:56:26.303994785 +0000 UTC"
level=info msg="<METRE> ordering block 7100 ordered (tx: 7100) at 2024-05-02 05:56:26.359474594 +0000 UTC"
level=info msg="<METRE> ordering block 7300 ordered (tx: 7300) at 2024-05-02 05:56:26.883160775 +0000 UTC"
level=info msg="<METRE> ordering block 7400 ordered (tx: 7400) at 2024-05-02 05:56:27.149178529 +0000 UTC"
level=info msg="<METRE> ordering block 7500 ordered (tx: 7500) at 2024-05-02 05:56:27.38245715 +0000 UTC"
level=info msg="<METRE> ordering block 7600 ordered (tx: 7600) at 2024-05-02 05:56:27.537646496 +0000 UTC"
level=info msg="<METRE> ordering block 7200 ordered (tx: 7200) at 2024-05-02 05:56:27.742954677 +0000 UTC"
level=info msg="<METRE> ordering block 8000 ordered (tx: 8000) at 2024-05-02 05:56:27.792887484 +0000 UTC"
level=info msg="<METRE> ordering block 8100 ordered (tx: 8100) at 2024-05-02 05:56:28.106876676 +0000 UTC"
level=info msg="<METRE> ordering block 8200 ordered (tx: 8200) at 2024-05-02 05:56:28.218498512 +0000 UTC"
level=info msg="<METRE> ordering block 8300 ordered (tx: 8300) at 2024-05-02 05:56:28.303202094 +0000 UTC"
level=info msg="<METRE> ordering block 8400 ordered (tx: 8400) at 2024-05-02 05:56:28.63317778 +0000 UTC"
level=info msg="<METRE> ordering block 8500 ordered (tx: 8500) at 2024-05-02 05:56:28.768632298 +0000 UTC"
level=info msg="<METRE> ordering block 8600 ordered (tx: 8600) at 2024-05-02 05:56:28.882060218 +0000 UTC"
level=info msg="<METRE> ordering block 8700 ordered (tx: 8700) at 2024-05-02 05:56:28.998900697 +0000 UTC"
level=info msg="<METRE> ordering block 8800 ordered (tx: 8800) at 2024-05-02 05:56:29.306895687 +0000 UTC"
level=info msg="<METRE> ordering block 8900 ordered (tx: 8900) at 2024-05-02 05:56:29.498004963 +0000 UTC"
level=info msg="<METRE> ordering block 9000 ordered (tx: 9000) at 2024-05-02 05:56:29.62878051 +0000 UTC"
level=info msg="<METRE> ordering block 6700 ordered (tx: 6700) at 2024-05-02 05:56:29.953023416 +0000 UTC"
level=info msg="<METRE> ordering block 9300 ordered (tx: 9300) at 2024-05-02 05:56:30.191781143 +0000 UTC"
level=info msg="<METRE> ordering block 6800 ordered (tx: 6800) at 2024-05-02 05:56:30.268283393 +0000 UTC"
level=info msg="<METRE> ordering block 9400 ordered (tx: 9400) at 2024-05-02 05:56:30.3657893 +0000 UTC"
level=info msg="<METRE> ordering block 6900 ordered (tx: 6900) at 2024-05-02 05:56:30.792303474 +0000 UTC"
level=info msg="<METRE> ordering block 9700 ordered (tx: 9700) at 2024-05-02 05:56:31.056186327 +0000 UTC"
level=info msg="<METRE> ordering block 5700 ordered (tx: 5700) at 2024-05-02 05:56:31.140266512 +0000 UTC"
level=info msg="<METRE> ordering block 5800 ordered (tx: 5800) at 2024-05-02 05:56:31.347116772 +0000 UTC"
level=info msg="<METRE> ordering block 6000 ordered (tx: 6000) at 2024-05-02 05:56:31.526705296 +0000 UTC"
level=info msg="<METRE> ordering block 5900 ordered (tx: 5900) at 2024-05-02 05:56:31.632827991 +0000 UTC"
level=info msg="<METRE> ordering block 6100 ordered (tx: 6100) at 2024-05-02 05:56:31.890435519 +0000 UTC"
level=info msg="<METRE> ordering block 6200 ordered (tx: 6200) at 2024-05-02 05:56:32.012955752 +0000 UTC"
level=info msg="<METRE> ordering block 6300 ordered (tx: 6300) at 2024-05-02 05:56:32.119232401 +0000 UTC"
level=info msg="<METRE> ordering block 6600 ordered (tx: 6600) at 2024-05-02 05:56:32.482082014 +0000 UTC"
level=info msg="<METRE> ordering block 6400 ordered (tx: 6400) at 2024-05-02 05:56:32.502683956 +0000 UTC"
level=info msg="<METRE> ordering block 9600 ordered (tx: 9600) at 2024-05-02 05:56:33.506664589 +0000 UTC"
level=info msg="<METRE> ordering block 5600 ordered (tx: 5600) at 2024-05-02 05:56:33.627878881 +0000 UTC"
level=info msg="<METRE> ordering block 9100 ordered (tx: 9100) at 2024-05-02 05:56:33.961470523 +0000 UTC"
level=info msg="<METRE> ordering block 9500 ordered (tx: 9500) at 2024-05-02 05:56:34.018739379 +0000 UTC"
level=info msg="<METRE> ordering block 9200 ordered (tx: 9200) at 2024-05-02 05:56:34.275162846 +0000 UTC"
level=info msg="<METRE> ordering block 3000 ordered (tx: 3000) at 2024-05-02 05:56:34.476910595 +0000 UTC"
level=info msg="<METRE> ordering block 3600 ordered (tx: 3600) at 2024-05-02 05:56:34.638017332 +0000 UTC"
level=info msg="<METRE> ordering block 4300 ordered (tx: 4300) at 2024-05-02 05:56:34.972487544 +0000 UTC"
level=warning msg="Waiting for new ordered blocks [consInstID:4 | LastOrdIdx: 10000]; consensus has waited for 0 second(s)"
level=warning msg="Waiting for new ordered blocks [consInstID:4 | LastOrdIdx: 10000]; consensus has waited for 1 second(s)"
level=warning msg="Waiting for new ordered blocks [consInstID:4 | LastOrdIdx: 10000]; consensus has waited for 2 second(s)"
level=warning msg="Waiting for new ordered blocks [consInstID:4 | LastOrdIdx: 10000]; consensus has waited for 3 second(s)"
level=warning msg="Waiting for new ordered blocks [consInstID:4 | LastOrdIdx: 10000]; consensus has waited for 4 second(s)"
level=warning msg="Waiting for new ordered blocks [consInstID:4 | LastOrdIdx: 10000]; consensus has waited for 5 second(s)"
level=warning msg="Waiting for new ordered blocks [consInstID:4 | LastOrdIdx: 10000]; consensus has waited for 6 second(s)"
level=warning msg="Waiting for new ordered blocks [consInstID:4 | LastOrdIdx: 10000]; consensus has waited for 7 second(s)"
level=warning msg="Waiting for new ordered blocks [consInstID:4 | LastOrdIdx: 10000]; consensus has waited for 8 second(s)"
level=warning msg="Waiting for new ordered blocks [consInstID:4 | LastOrdIdx: 10000]; consensus has waited for 9 second(s)"
level=warning msg="Terminating current VGuard instance"
